<?xml version="1.0" encoding="UTF-8"?>
<testsuite xmlns:xsi="http://www.w3.org/2001/XMLSchema-instance" xsi:noNamespaceSchemaLocation="https://maven.apache.org/surefire/maven-surefire-plugin/xsd/surefire-test-report-3.0.xsd" version="3.0" name="runner.Testrunner" time="72.937" tests="15" errors="1" skipped="0" failures="2">
  <properties>
[...]
</properties>
  <testcase name="Login with valid Credentials #1" classname="User Login" time="5.668">
    <system-out><![CDATA[
Scenario Outline: Login with valid Credentials                   &amp#27;[90m# src/test/resource/features/logins.feature:14&amp#27;[0m
  &amp#27;[32mGiven &amp#27;[0m&amp#27;[32mUser navigate to login page&amp#27;[0m                              &amp#27;[90m# stepdefinition.logins.user_navigate_to_login_page()&amp#27;[0m
  &amp#27;[32mWhen &amp#27;[0m&amp#27;[32mUser enters valid email address &amp#27;[0m&amp#27;[32m&amp#27;[1msaikumar1919123@gmail.com&amp#27;[0m &amp#27;[90m# stepdefinition.logins.user_enters_valid_email_address(java.lang.String)&amp#27;[0m
  &amp#27;[32mAnd &amp#27;[0m&amp#27;[32mEnters valid password &amp#27;[0m&amp#27;[32m&amp#27;[1m12345&amp#27;[0m                                &amp#27;[90m# stepdefinition.logins.enters_valid_password(java.lang.String)&amp#27;[0m
  &amp#27;[32mAnd &amp#27;[0m&amp#27;[32mclicks on Login button&amp#27;[0m                                     &amp#27;[90m# stepdefinition.logins.clicks_on_login_button()&amp#27;[0m
  &amp#27;[32mThen &amp#27;[0m&amp#27;[32mUser should Login Successfully&amp#27;[0m                            &amp#27;[90m# stepdefinition.logins.user_should_login_successfully()&amp#27;[0m
]]></system-out>
    <system-err><![CDATA[Jun 29, 2023 12:52:51 PM org.openqa.selenium.remote.service.DriverService$Builder getLogOutput
INFO: Driver logs no longer sent to console by default; https://www.selenium.dev/documentation/webdriver/drivers/service/#setting-log-output
SLF4J: Failed to load class "org.slf4j.impl.StaticLoggerBinder".
SLF4J: Defaulting to no-operation (NOP) logger implementation
SLF4J: See http://www.slf4j.org/codes.html#StaticLoggerBinder for further details.
]]></system-err>
  </testcase>
  <testcase name="Login with valid Credentials #2" classname="User Login" time="3.551">
    <system-out><![CDATA[
Scenario Outline: Login with valid Credentials             &amp#27;[90m# src/test/resource/features/logins.feature:15&amp#27;[0m
  &amp#27;[32mGiven &amp#27;[0m&amp#27;[32mUser navigate to login page&amp#27;[0m                        &amp#27;[90m# stepdefinition.logins.user_navigate_to_login_page()&amp#27;[0m
  &amp#27;[32mWhen &amp#27;[0m&amp#27;[32mUser enters valid email address &amp#27;[0m&amp#27;[32m&amp#27;[1msaikumar6@gmail.com&amp#27;[0m &amp#27;[90m# stepdefinition.logins.user_enters_valid_email_address(java.lang.String)&amp#27;[0m
  &amp#27;[32mAnd &amp#27;[0m&amp#27;[32mEnters valid password &amp#27;[0m&amp#27;[32m&amp#27;[1m12345&amp#27;[0m                          &amp#27;[90m# stepdefinition.logins.enters_valid_password(java.lang.String)&amp#27;[0m
  &amp#27;[32mAnd &amp#27;[0m&amp#27;[32mclicks on Login button&amp#27;[0m                               &amp#27;[90m# stepdefinition.logins.clicks_on_login_button()&amp#27;[0m
  &amp#27;[32mThen &amp#27;[0m&amp#27;[32mUser should Login Successfully&amp#27;[0m                      &amp#27;[90m# stepdefinition.logins.user_should_login_successfully()&amp#27;[0m
]]></system-out>
    <system-err><![CDATA[Jun 29, 2023 12:52:56 PM org.openqa.selenium.remote.service.DriverService$Builder getLogOutput
INFO: Driver logs no longer sent to console by default; https://www.selenium.dev/documentation/webdriver/drivers/service/#setting-log-output
]]></system-err>
  </testcase>
  <testcase name="Login with valid Credentials #3" classname="User Login" time="3.774">
    <system-out><![CDATA[
Scenario Outline: Login with valid Credentials             &amp#27;[90m# src/test/resource/features/logins.feature:16&amp#27;[0m
  &amp#27;[32mGiven &amp#27;[0m&amp#27;[32mUser navigate to login page&amp#27;[0m                        &amp#27;[90m# stepdefinition.logins.user_navigate_to_login_page()&amp#27;[0m
  &amp#27;[32mWhen &amp#27;[0m&amp#27;[32mUser enters valid email address &amp#27;[0m&amp#27;[32m&amp#27;[1msaikumar1@gmail.com&amp#27;[0m &amp#27;[90m# stepdefinition.logins.user_enters_valid_email_address(java.lang.String)&amp#27;[0m
  &amp#27;[32mAnd &amp#27;[0m&amp#27;[32mEnters valid password &amp#27;[0m&amp#27;[32m&amp#27;[1m12345&amp#27;[0m                          &amp#27;[90m# stepdefinition.logins.enters_valid_password(java.lang.String)&amp#27;[0m
  &amp#27;[32mAnd &amp#27;[0m&amp#27;[32mclicks on Login button&amp#27;[0m                               &amp#27;[90m# stepdefinition.logins.clicks_on_login_button()&amp#27;[0m
  &amp#27;[32mThen &amp#27;[0m&amp#27;[32mUser should Login Successfully&amp#27;[0m                      &amp#27;[90m# stepdefinition.logins.user_should_login_successfully()&amp#27;[0m
]]></system-out>
    <system-err><![CDATA[Jun 29, 2023 12:53:00 PM org.openqa.selenium.remote.service.DriverService$Builder getLogOutput
INFO: Driver logs no longer sent to console by default; https://www.selenium.dev/documentation/webdriver/drivers/service/#setting-log-output
]]></system-err>
  </testcase>
  <testcase name="Login with valid Credentials #4" classname="User Login" time="3.625">
    <system-out><![CDATA[
Scenario Outline: Login with valid Credentials             &amp#27;[90m# src/test/resource/features/logins.feature:17&amp#27;[0m
  &amp#27;[32mGiven &amp#27;[0m&amp#27;[32mUser navigate to login page&amp#27;[0m                        &amp#27;[90m# stepdefinition.logins.user_navigate_to_login_page()&amp#27;[0m
  &amp#27;[32mWhen &amp#27;[0m&amp#27;[32mUser enters valid email address &amp#27;[0m&amp#27;[32m&amp#27;[1msaikumar2@gmail.com&amp#27;[0m &amp#27;[90m# stepdefinition.logins.user_enters_valid_email_address(java.lang.String)&amp#27;[0m
  &amp#27;[32mAnd &amp#27;[0m&amp#27;[32mEnters valid password &amp#27;[0m&amp#27;[32m&amp#27;[1m12345&amp#27;[0m                          &amp#27;[90m# stepdefinition.logins.enters_valid_password(java.lang.String)&amp#27;[0m
  &amp#27;[32mAnd &amp#27;[0m&amp#27;[32mclicks on Login button&amp#27;[0m                               &amp#27;[90m# stepdefinition.logins.clicks_on_login_button()&amp#27;[0m
  &amp#27;[32mThen &amp#27;[0m&amp#27;[32mUser should Login Successfully&amp#27;[0m                      &amp#27;[90m# stepdefinition.logins.user_should_login_successfully()&amp#27;[0m
]]></system-out>
    <system-err><![CDATA[Jun 29, 2023 12:53:03 PM org.openqa.selenium.remote.service.DriverService$Builder getLogOutput
INFO: Driver logs no longer sent to console by default; https://www.selenium.dev/documentation/webdriver/drivers/service/#setting-log-output
]]></system-err>
  </testcase>
  <testcase name="Login with Invalid Credentials" classname="User Login" time="3.4">
    <system-out><![CDATA[
Scenario: Login with Invalid Credentials                      &amp#27;[90m# src/test/resource/features/logins.feature:19&amp#27;[0m
  &amp#27;[32mGiven &amp#27;[0m&amp#27;[32mUser navigate to login page&amp#27;[0m                           &amp#27;[90m# stepdefinition.logins.user_navigate_to_login_page()&amp#27;[0m
  &amp#27;[32mWhen &amp#27;[0m&amp#27;[32mUser enters invalid email address &amp#27;[0m&amp#27;[32m&amp#27;[1m"saikumar@ealpha.in"&amp#27;[0m &amp#27;[90m# stepdefinition.logins.user_enters_invalid_email_address(java.lang.String)&amp#27;[0m
  &amp#27;[32mAnd &amp#27;[0m&amp#27;[32mEnter invalid password &amp#27;[0m&amp#27;[32m&amp#27;[1m"Healph@12"&amp#27;[0m                      &amp#27;[90m# stepdefinition.logins.enter_invalid_password(java.lang.String)&amp#27;[0m
  &amp#27;[32mAnd &amp#27;[0m&amp#27;[32mclicks on Login button&amp#27;[0m                                  &amp#27;[90m# stepdefinition.logins.clicks_on_login_button()&amp#27;[0m
  &amp#27;[32mThen &amp#27;[0m&amp#27;[32mUser should get a proper warning message&amp#27;[0m               &amp#27;[90m# stepdefinition.logins.user_should_get_a_proper_warning_message()&amp#27;[0m
]]></system-out>
    <system-err><![CDATA[Jun 29, 2023 12:53:07 PM org.openqa.selenium.remote.service.DriverService$Builder getLogOutput
INFO: Driver logs no longer sent to console by default; https://www.selenium.dev/documentation/webdriver/drivers/service/#setting-log-output
]]></system-err>
  </testcase>
  <testcase name="Login with valid email id and invalid password" classname="User Login" time="3.466">
    <system-out><![CDATA[
Scenario: Login with valid email id and invalid password          &amp#27;[90m# src/test/resource/features/logins.feature:25&amp#27;[0m
  &amp#27;[32mGiven &amp#27;[0m&amp#27;[32mUser navigate to login page&amp#27;[0m                               &amp#27;[90m# stepdefinition.logins.user_navigate_to_login_page()&amp#27;[0m
  &amp#27;[32mWhen &amp#27;[0m&amp#27;[32mUser enter valid email address &amp#27;[0m&amp#27;[32m&amp#27;[1m"saikumar1919123@gmail.com"&amp#27;[0m &amp#27;[90m# stepdefinition.logins.user_enter_valid_email_address(java.lang.String)&amp#27;[0m
  &amp#27;[32mAnd &amp#27;[0m&amp#27;[32mEnter invalid password &amp#27;[0m&amp#27;[32m&amp#27;[1m"Healph@12"&amp#27;[0m                          &amp#27;[90m# stepdefinition.logins.enter_invalid_password(java.lang.String)&amp#27;[0m
  &amp#27;[32mAnd &amp#27;[0m&amp#27;[32mclicks on Login button&amp#27;[0m                                      &amp#27;[90m# stepdefinition.logins.clicks_on_login_button()&amp#27;[0m
  &amp#27;[32mThen &amp#27;[0m&amp#27;[32mUser should get a proper warning message&amp#27;[0m                   &amp#27;[90m# stepdefinition.logins.user_should_get_a_proper_warning_message()&amp#27;[0m
]]></system-out>
    <system-err><![CDATA[Jun 29, 2023 12:53:10 PM org.openqa.selenium.remote.service.DriverService$Builder getLogOutput
INFO: Driver logs no longer sent to console by default; https://www.selenium.dev/documentation/webdriver/drivers/service/#setting-log-output
]]></system-err>
  </testcase>
  <testcase name="Login with Invalid email id and valid password" classname="User Login" time="3.584">
    <system-out><![CDATA[
Scenario: Login with Invalid email id and valid password     &amp#27;[90m# src/test/resource/features/logins.feature:31&amp#27;[0m
  &amp#27;[32mGiven &amp#27;[0m&amp#27;[32mUser navigate to login page&amp#27;[0m                          &amp#27;[90m# stepdefinition.logins.user_navigate_to_login_page()&amp#27;[0m
  &amp#27;[32mWhen &amp#27;[0m&amp#27;[32mUser enters invalid email address &amp#27;[0m&amp#27;[32m&amp#27;[1m"saikur@healpha.in"&amp#27;[0m &amp#27;[90m# stepdefinition.logins.user_enters_invalid_email_address(java.lang.String)&amp#27;[0m
  &amp#27;[32mAnd &amp#27;[0m&amp#27;[32mEnter valid password &amp#27;[0m&amp#27;[32m&amp#27;[1m"12345"&amp#27;[0m                           &amp#27;[90m# stepdefinition.logins.enter_valid_password(java.lang.String)&amp#27;[0m
  &amp#27;[32mAnd &amp#27;[0m&amp#27;[32mclicks on Login button&amp#27;[0m                                 &amp#27;[90m# stepdefinition.logins.clicks_on_login_button()&amp#27;[0m
  &amp#27;[32mThen &amp#27;[0m&amp#27;[32mUser should get a proper warning message&amp#27;[0m              &amp#27;[90m# stepdefinition.logins.user_should_get_a_proper_warning_message()&amp#27;[0m
]]></system-out>
    <system-err><![CDATA[Jun 29, 2023 12:53:14 PM org.openqa.selenium.remote.service.DriverService$Builder getLogOutput
INFO: Driver logs no longer sent to console by default; https://www.selenium.dev/documentation/webdriver/drivers/service/#setting-log-output
]]></system-err>
  </testcase>
  <testcase name="Login without providing any credentials" classname="User Login" time="3.468">
    <system-out><![CDATA[
Scenario: Login without providing any credentials &amp#27;[90m# src/test/resource/features/logins.feature:37&amp#27;[0m
  &amp#27;[32mGiven &amp#27;[0m&amp#27;[32mUser navigate to login page&amp#27;[0m               &amp#27;[90m# stepdefinition.logins.user_navigate_to_login_page()&amp#27;[0m
  &amp#27;[32mWhen &amp#27;[0m&amp#27;[32mUser dont enter any credentials&amp#27;[0m            &amp#27;[90m# stepdefinition.logins.user_dont_enter_any_credentials()&amp#27;[0m
  &amp#27;[32mAnd &amp#27;[0m&amp#27;[32mclicks on Login button&amp#27;[0m                      &amp#27;[90m# stepdefinition.logins.clicks_on_login_button()&amp#27;[0m
]]></system-out>
    <system-err><![CDATA[Jun 29, 2023 12:53:18 PM org.openqa.selenium.remote.service.DriverService$Builder getLogOutput
INFO: Driver logs no longer sent to console by default; https://www.selenium.dev/documentation/webdriver/drivers/service/#setting-log-output
]]></system-err>
  </testcase>
  <testcase name="Register with Mandatory fields" classname="User registration" time="3.995">
    <system-out><![CDATA[
Scenario: Register with Mandatory fields        &amp#27;[90m# src/test/resource/features/rigisters.feature:6&amp#27;[0m
  &amp#27;[32mGiven &amp#27;[0m&amp#27;[32muser navigate to Register page&amp#27;[0m          &amp#27;[90m# stepdefinition.rigisters.user_navigate_to_Register_page()&amp#27;[0m
  &amp#27;[32mWhen &amp#27;[0m&amp#27;[32mUser enter below details into the fields&amp#27;[0m &amp#27;[90m# stepdefinition.rigisters.User_enter_below_details_into_the_fields(io.cucumber.datatable.DataTable)&amp#27;[0m
    | firstname       | Rahul               |
    | lastname        | Ravindhra           |
    | emailaddress    | saikumar6@gmail.com |
    | telephone       | 135435237           |
    | password        | 12345               |
    | confirmpassword | 12345               |
  &amp#27;[32mAnd &amp#27;[0m&amp#27;[32mSelect Privacy policy field&amp#27;[0m               &amp#27;[90m# stepdefinition.rigisters.Select_Privacy_policy_field()&amp#27;[0m
  &amp#27;[32mAnd &amp#27;[0m&amp#27;[32mClick on Continue button&amp#27;[0m                  &amp#27;[90m# stepdefinition.rigisters.Click_on_Continue_button()&amp#27;[0m
  &amp#27;[32mThen &amp#27;[0m&amp#27;[32mAccount should get sucessfully created&amp#27;[0m   &amp#27;[90m# stepdefinition.rigisters.Account_should_get_sucessfully_created()&amp#27;[0m
]]></system-out>
    <system-err><![CDATA[Jun 29, 2023 12:53:21 PM org.openqa.selenium.remote.service.DriverService$Builder getLogOutput
INFO: Driver logs no longer sent to console by default; https://www.selenium.dev/documentation/webdriver/drivers/service/#setting-log-output
]]></system-err>
  </testcase>
  <testcase name="Register with All fields" classname="User registration" time="3.936">
    <system-out><![CDATA[
Scenario: Register with All fields              &amp#27;[90m# src/test/resource/features/rigisters.feature:18&amp#27;[0m
  &amp#27;[32mGiven &amp#27;[0m&amp#27;[32muser navigate to Register page&amp#27;[0m          &amp#27;[90m# stepdefinition.rigisters.user_navigate_to_Register_page()&amp#27;[0m
  &amp#27;[32mWhen &amp#27;[0m&amp#27;[32mUser enter below details into the fields&amp#27;[0m &amp#27;[90m# stepdefinition.rigisters.User_enter_below_details_into_the_fields(io.cucumber.datatable.DataTable)&amp#27;[0m
    | firstname       | kamesh              |
    | lastname        | Rao                 |
    | emailaddress    | saikumar7@gmail.com |
    | telephone       | 135435237           |
    | password        | 12345               |
    | confirmpassword | 12345               |
  &amp#27;[32mAnd &amp#27;[0m&amp#27;[32mSelect yes for News letter&amp#27;[0m                &amp#27;[90m# stepdefinition.rigisters.Select_yes_for_News_letter()&amp#27;[0m
  &amp#27;[32mAnd &amp#27;[0m&amp#27;[32mSelect Privacy policy field&amp#27;[0m               &amp#27;[90m# stepdefinition.rigisters.Select_Privacy_policy_field()&amp#27;[0m
  &amp#27;[32mAnd &amp#27;[0m&amp#27;[32mClick on Continue button&amp#27;[0m                  &amp#27;[90m# stepdefinition.rigisters.Click_on_Continue_button()&amp#27;[0m
  &amp#27;[32mThen &amp#27;[0m&amp#27;[32mAccount should get sucessfully created&amp#27;[0m   &amp#27;[90m# stepdefinition.rigisters.Account_should_get_sucessfully_created()&amp#27;[0m
]]></system-out>
    <system-err><![CDATA[Jun 29, 2023 12:53:25 PM org.openqa.selenium.remote.service.DriverService$Builder getLogOutput
INFO: Driver logs no longer sent to console by default; https://www.selenium.dev/documentation/webdriver/drivers/service/#setting-log-output
]]></system-err>
  </testcase>
  <testcase name="Register without providing any fields" classname="User registration" time="3.467">
    <system-out><![CDATA[
Scenario: Register without providing any fields                        &amp#27;[90m# src/test/resource/features/rigisters.feature:31&amp#27;[0m
  &amp#27;[32mGiven &amp#27;[0m&amp#27;[32muser navigate to Register page&amp#27;[0m                                 &amp#27;[90m# stepdefinition.rigisters.user_navigate_to_Register_page()&amp#27;[0m
  &amp#27;[32mWhen &amp#27;[0m&amp#27;[32mUser dont enter details into any field&amp#27;[0m                          &amp#27;[90m# stepdefinition.rigisters.User_dont_enter_details_into_any_field()&amp#27;[0m
  &amp#27;[32mAnd &amp#27;[0m&amp#27;[32mClick on Continue button&amp#27;[0m                                         &amp#27;[90m# stepdefinition.rigisters.Click_on_Continue_button()&amp#27;[0m
  &amp#27;[32mThen &amp#27;[0m&amp#27;[32mWarning message should be displayed for all the mandatory field&amp#27;[0m &amp#27;[90m# stepdefinition.rigisters.Warning_message_should_be_displayed_for_all_the_mandatory_field()&amp#27;[0m
]]></system-out>
    <system-err><![CDATA[Jun 29, 2023 12:53:29 PM org.openqa.selenium.remote.service.DriverService$Builder getLogOutput
INFO: Driver logs no longer sent to console by default; https://www.selenium.dev/documentation/webdriver/drivers/service/#setting-log-output
]]></system-err>
  </testcase>
  <testcase name="Register with duplicate email address" classname="User registration" time="14.175">
    <error message="no such element: Unable to locate element: {&quot;method&quot;:&quot;xpath&quot;,&quot;selector&quot;:&quot;//div[@class=&apos;alert alert-danger alert-dismissible&apos;]&quot;}&#10;  (Session info: chrome=114.0.5735.199)&#10;For documentation on this error, please visit: https://www.selenium.dev/documentation/webdriver/troubleshooting/errors#no-such-element-exception&#10;Build info: version: &apos;4.10.0&apos;, revision: &apos;c14d967899&apos;&#10;System info: os.name: &apos;Windows 11&apos;, os.arch: &apos;amd64&apos;, os.version: &apos;10.0&apos;, java.version: &apos;1.8.0_351&apos;&#10;Driver info: org.openqa.selenium.chrome.ChromeDriver&#10;Command: [0b6ae50ec7b0e47f884f19f963c20853, findElement {using=xpath, value=//div[@class=&apos;alert alert-danger alert-dismissible&apos;]}]&#10;Capabilities {acceptInsecureCerts: false, browserName: chrome, browserVersion: 114.0.5735.199, chrome: {chromedriverVersion: 114.0.5735.90 (386bc09e8f4f..., userDataDir: C:\Users\ASUS\AppData\Local...}, goog:chromeOptions: {debuggerAddress: localhost:53778}, networkConnectionEnabled: false, pageLoadStrategy: normal, platformName: windows, proxy: Proxy(), se:cdp: ws://localhost:53778/devtoo..., se:cdpVersion: 114.0.5735.199, setWindowRect: true, strictFileInteractability: false, timeouts: {implicit: 0, pageLoad: 300000, script: 30000}, unhandledPromptBehavior: dismiss and notify, webauthn:extension:credBlob: true, webauthn:extension:largeBlob: true, webauthn:extension:minPinLength: true, webauthn:extension:prf: true, webauthn:virtualAuthenticators: true}&#10;Session ID: 0b6ae50ec7b0e47f884f19f963c20853" type="org.openqa.selenium.NoSuchElementException"><![CDATA[org.openqa.selenium.NoSuchElementException: 
no such element: Unable to locate element: {"method":"xpath","selector":"//div[@class='alert alert-danger alert-dismissible']"}
  (Session info: chrome=114.0.5735.199)
For documentation on this error, please visit: https://www.selenium.dev/documentation/webdriver/troubleshooting/errors#no-such-element-exception
Build info: version: '4.10.0', revision: 'c14d967899'
System info: os.name: 'Windows 11', os.arch: 'amd64', os.version: '10.0', java.version: '1.8.0_351'
Driver info: org.openqa.selenium.chrome.ChromeDriver
Command: [0b6ae50ec7b0e47f884f19f963c20853, findElement {using=xpath, value=//div[@class='alert alert-danger alert-dismissible']}]
Capabilities {acceptInsecureCerts: false, browserName: chrome, browserVersion: 114.0.5735.199, chrome: {chromedriverVersion: 114.0.5735.90 (386bc09e8f4f..., userDataDir: C:\Users\ASUS\AppData\Local...}, goog:chromeOptions: {debuggerAddress: localhost:53778}, networkConnectionEnabled: false, pageLoadStrategy: normal, platformName: windows, proxy: Proxy(), se:cdp: ws://localhost:53778/devtoo..., se:cdpVersion: 114.0.5735.199, setWindowRect: true, strictFileInteractability: false, timeouts: {implicit: 0, pageLoad: 300000, script: 30000}, unhandledPromptBehavior: dismiss and notify, webauthn:extension:credBlob: true, webauthn:extension:largeBlob: true, webauthn:extension:minPinLength: true, webauthn:extension:prf: true, webauthn:virtualAuthenticators: true}
Session ID: 0b6ae50ec7b0e47f884f19f963c20853
	at sun.reflect.NativeConstructorAccessorImpl.newInstance0(Native Method)
	at sun.reflect.NativeConstructorAccessorImpl.newInstance(Unknown Source)
	at sun.reflect.DelegatingConstructorAccessorImpl.newInstance(Unknown Source)
	at java.lang.reflect.Constructor.newInstance(Unknown Source)
	at org.openqa.selenium.remote.codec.w3c.W3CHttpResponseCodec.createException(W3CHttpResponseCodec.java:199)
	at org.openqa.selenium.remote.codec.w3c.W3CHttpResponseCodec.decode(W3CHttpResponseCodec.java:132)
	at org.openqa.selenium.remote.codec.w3c.W3CHttpResponseCodec.decode(W3CHttpResponseCodec.java:51)
	at org.openqa.selenium.remote.HttpCommandExecutor.execute(HttpCommandExecutor.java:191)
	at org.openqa.selenium.remote.service.DriverCommandExecutor.invokeExecute(DriverCommandExecutor.java:196)
	at org.openqa.selenium.remote.service.DriverCommandExecutor.execute(DriverCommandExecutor.java:171)
	at org.openqa.selenium.remote.RemoteWebDriver.execute(RemoteWebDriver.java:531)
	at org.openqa.selenium.remote.ElementLocation$ElementFinder$2.findElement(ElementLocation.java:165)
	at org.openqa.selenium.remote.ElementLocation.findElement(ElementLocation.java:59)
	at org.openqa.selenium.remote.RemoteWebDriver.findElement(RemoteWebDriver.java:350)
	at org.openqa.selenium.remote.RemoteWebDriver.findElement(RemoteWebDriver.java:344)
	at org.openqa.selenium.support.pagefactory.DefaultElementLocator.findElement(DefaultElementLocator.java:68)
	at org.openqa.selenium.support.pagefactory.internal.LocatingElementHandler.invoke(LocatingElementHandler.java:38)
	at com.sun.proxy.$Proxy23.getText(Unknown Source)
	at pages.registerPage.getDuplicateEmailIdWarningMessage(registerPage.java:128)
	at stepdefinition.rigisters.waning_message_informating_the_user_about_duplicate_email_should_be_displayed(rigisters.java:80)
	at ✽.waning message informating the user about duplicate email should be displayed(file:///C:/Users/ASUS/eclipse-workspace/healphatesting/src/test/resource/features/rigisters.feature:47)
]]></error>
    <system-out><![CDATA[
Scenario: Register with duplicate email address                                      &amp#27;[90m# src/test/resource/features/rigisters.feature:36&amp#27;[0m
  &amp#27;[32mGiven &amp#27;[0m&amp#27;[32muser navigate to Register page&amp#27;[0m                                               &amp#27;[90m# stepdefinition.rigisters.user_navigate_to_Register_page()&amp#27;[0m
  &amp#27;[32mWhen &amp#27;[0m&amp#27;[32mUser enter below details into the fields&amp#27;[0m                                      &amp#27;[90m# stepdefinition.rigisters.User_enter_below_details_into_the_fields(io.cucumber.datatable.DataTable)&amp#27;[0m
    | firstname       | Raja                      |
    | lastname        | rao                       |
    | emailaddress    | saikumar1919123@gmail.com |
    | telephone       | 135435437                 |
    | password        | 78521444                  |
    | confirmpassword | 78521444                  |
  &amp#27;[32mAnd &amp#27;[0m&amp#27;[32mSelect yes for News letter&amp#27;[0m                                                     &amp#27;[90m# stepdefinition.rigisters.Select_yes_for_News_letter()&amp#27;[0m
  &amp#27;[32mAnd &amp#27;[0m&amp#27;[32mSelect Privacy policy field&amp#27;[0m                                                    &amp#27;[90m# stepdefinition.rigisters.Select_Privacy_policy_field()&amp#27;[0m
  &amp#27;[32mAnd &amp#27;[0m&amp#27;[32mClick on Continue button&amp#27;[0m                                                       &amp#27;[90m# stepdefinition.rigisters.Click_on_Continue_button()&amp#27;[0m
  &amp#27;[31mThen &amp#27;[0m&amp#27;[31mwaning message informating the user about duplicate email should be displayed&amp#27;[0m &amp#27;[90m# stepdefinition.rigisters.waning_message_informating_the_user_about_duplicate_email_should_be_displayed()&amp#27;[0m
      &amp#27;[31morg.openqa.selenium.NoSuchElementException: no such element: Unable to locate element: {"method":"xpath","selector":"//div[@class='alert alert-danger alert-dismissible']"}
  (Session info: chrome=114.0.5735.199)
For documentation on this error, please visit: https://www.selenium.dev/documentation/webdriver/troubleshooting/errors#no-such-element-exception
Build info: version: '4.10.0', revision: 'c14d967899'
System info: os.name: 'Windows 11', os.arch: 'amd64', os.version: '10.0', java.version: '1.8.0_351'
Driver info: org.openqa.selenium.chrome.ChromeDriver
Command: [0b6ae50ec7b0e47f884f19f963c20853, findElement {using=xpath, value=//div[@class='alert alert-danger alert-dismissible']}]
Capabilities {acceptInsecureCerts: false, browserName: chrome, browserVersion: 114.0.5735.199, chrome: {chromedriverVersion: 114.0.5735.90 (386bc09e8f4f..., userDataDir: C:\Users\ASUS\AppData\Local...}, goog:chromeOptions: {debuggerAddress: localhost:53778}, networkConnectionEnabled: false, pageLoadStrategy: normal, platformName: windows, proxy: Proxy(), se:cdp: ws://localhost:53778/devtoo..., se:cdpVersion: 114.0.5735.199, setWindowRect: true, strictFileInteractability: false, timeouts: {implicit: 0, pageLoad: 300000, script: 30000}, unhandledPromptBehavior: dismiss and notify, webauthn:extension:credBlob: true, webauthn:extension:largeBlob: true, webauthn:extension:minPinLength: true, webauthn:extension:prf: true, webauthn:virtualAuthenticators: true}
Session ID: 0b6ae50ec7b0e47f884f19f963c20853
	at sun.reflect.NativeConstructorAccessorImpl.newInstance0(Native Method)
	at sun.reflect.NativeConstructorAccessorImpl.newInstance(Unknown Source)
	at sun.reflect.DelegatingConstructorAccessorImpl.newInstance(Unknown Source)
	at java.lang.reflect.Constructor.newInstance(Unknown Source)
	at org.openqa.selenium.remote.codec.w3c.W3CHttpResponseCodec.createException(W3CHttpResponseCodec.java:199)
	at org.openqa.selenium.remote.codec.w3c.W3CHttpResponseCodec.decode(W3CHttpResponseCodec.java:132)
	at org.openqa.selenium.remote.codec.w3c.W3CHttpResponseCodec.decode(W3CHttpResponseCodec.java:51)
	at org.openqa.selenium.remote.HttpCommandExecutor.execute(HttpCommandExecutor.java:191)
	at org.openqa.selenium.remote.service.DriverCommandExecutor.invokeExecute(DriverCommandExecutor.java:196)
	at org.openqa.selenium.remote.service.DriverCommandExecutor.execute(DriverCommandExecutor.java:171)
	at org.openqa.selenium.remote.RemoteWebDriver.execute(RemoteWebDriver.java:531)
	at org.openqa.selenium.remote.ElementLocation$ElementFinder$2.findElement(ElementLocation.java:165)
	at org.openqa.selenium.remote.ElementLocation.findElement(ElementLocation.java:59)
	at org.openqa.selenium.remote.RemoteWebDriver.findElement(RemoteWebDriver.java:350)
	at org.openqa.selenium.remote.RemoteWebDriver.findElement(RemoteWebDriver.java:344)
	at org.openqa.selenium.support.pagefactory.DefaultElementLocator.findElement(DefaultElementLocator.java:68)
	at org.openqa.selenium.support.pagefactory.internal.LocatingElementHandler.invoke(LocatingElementHandler.java:38)
	at com.sun.proxy.$Proxy23.getText(Unknown Source)
	at pages.registerPage.getDuplicateEmailIdWarningMessage(registerPage.java:128)
	at stepdefinition.rigisters.waning_message_informating_the_user_about_duplicate_email_should_be_displayed(rigisters.java:80)
	at âœ½.waning message informating the user about duplicate email should be displayed(file:///C:/Users/ASUS/eclipse-workspace/healphatesting/src/test/resource/features/rigisters.feature:47)
&amp#27;[0m

    Embedding Register_with_duplicate_email_address [image/png 110369 bytes]

]]></system-out>
    <system-err><![CDATA[Jun 29, 2023 12:53:32 PM org.openqa.selenium.remote.service.DriverService$Builder getLogOutput
INFO: Driver logs no longer sent to console by default; https://www.selenium.dev/documentation/webdriver/drivers/service/#setting-log-output
]]></system-err>
  </testcase>
  <testcase name="Search for a valid product" classname="Search functionality" time="3.071">
    <system-out><![CDATA[
Scenario: Search for a valid product                        &amp#27;[90m# src/test/resource/features/searchs.feature:6&amp#27;[0m
  &amp#27;[32mGiven &amp#27;[0m&amp#27;[32mUser open the Application&amp#27;[0m                           &amp#27;[90m# stepdefinition.searchs.user_open_the_application()&amp#27;[0m
  &amp#27;[32mWhen &amp#27;[0m&amp#27;[32mUser enters Valid product &amp#27;[0m&amp#27;[32m&amp#27;[1m"hp"&amp#27;[0m&amp#27;[32m into search field&amp#27;[0m     &amp#27;[90m# stepdefinition.searchs.user_enters_valid_product_into_search_field(java.lang.String)&amp#27;[0m
  &amp#27;[32mAnd &amp#27;[0m&amp#27;[32mUser clicks on Search button&amp#27;[0m                          &amp#27;[90m# stepdefinition.searchs.user_clicks_on_search_button()&amp#27;[0m
  &amp#27;[32mThen &amp#27;[0m&amp#27;[32mValid product should get displayed in search results&amp#27;[0m &amp#27;[90m# stepdefinition.searchs.valid_product_should_get_displayed_in_search_results()&amp#27;[0m
]]></system-out>
    <system-err><![CDATA[Jun 29, 2023 12:53:47 PM org.openqa.selenium.remote.service.DriverService$Builder getLogOutput
INFO: Driver logs no longer sent to console by default; https://www.selenium.dev/documentation/webdriver/drivers/service/#setting-log-output
]]></system-err>
  </testcase>
  <testcase name="Search for a non-existing product" classname="Search functionality" time="3.324">
    <failure type="java.lang.AssertionError"><![CDATA[java.lang.AssertionError
	at org.junit.Assert.fail(Assert.java:87)
	at org.junit.Assert.fail(Assert.java:96)
	at stepdefinition.searchs.proper_text_informing_the_user_about_no_product_matching_should_be_displayed(searchs.java:47)
	at ✽.Proper text informing the user about no product matching should be displayed(file:///C:/Users/ASUS/eclipse-workspace/healphatesting/src/test/resource/features/searchs.feature:14)
]]></failure>
    <system-out><![CDATA[
Scenario: Search for a non-existing product                                         &amp#27;[90m# src/test/resource/features/searchs.feature:11&amp#27;[0m
  &amp#27;[32mGiven &amp#27;[0m&amp#27;[32mUser open the Application&amp#27;[0m                                                   &amp#27;[90m# stepdefinition.searchs.user_open_the_application()&amp#27;[0m
  &amp#27;[32mWhen &amp#27;[0m&amp#27;[32mUser enter non-existing product &amp#27;[0m&amp#27;[32m&amp#27;[1m"honda"&amp#27;[0m&amp#27;[32m into search field&amp#27;[0m                    &amp#27;[90m# stepdefinition.searchs.user_enter_non_existing_product_into_search_field(java.lang.String)&amp#27;[0m
  &amp#27;[32mAnd &amp#27;[0m&amp#27;[32mUser clicks on Search button&amp#27;[0m                                                  &amp#27;[90m# stepdefinition.searchs.user_clicks_on_search_button()&amp#27;[0m
  &amp#27;[31mThen &amp#27;[0m&amp#27;[31mProper text informing the user about no product matching should be displayed&amp#27;[0m &amp#27;[90m# stepdefinition.searchs.proper_text_informing_the_user_about_no_product_matching_should_be_displayed()&amp#27;[0m
      &amp#27;[31mjava.lang.AssertionError
	at org.junit.Assert.fail(Assert.java:87)
	at org.junit.Assert.fail(Assert.java:96)
	at stepdefinition.searchs.proper_text_informing_the_user_about_no_product_matching_should_be_displayed(searchs.java:47)
	at âœ½.Proper text informing the user about no product matching should be displayed(file:///C:/Users/ASUS/eclipse-workspace/healphatesting/src/test/resource/features/searchs.feature:14)
&amp#27;[0m

    Embedding Search_for_a_non-existing_product [image/png 81990 bytes]

]]></system-out>
    <system-err><![CDATA[Jun 29, 2023 12:53:50 PM org.openqa.selenium.remote.service.DriverService$Builder getLogOutput
INFO: Driver logs no longer sent to console by default; https://www.selenium.dev/documentation/webdriver/drivers/service/#setting-log-output
]]></system-err>
  </testcase>
  <testcase name="Search without providing any product" classname="Search functionality" time="3.264">
    <failure type="java.lang.AssertionError"><![CDATA[java.lang.AssertionError
	at org.junit.Assert.fail(Assert.java:87)
	at org.junit.Assert.fail(Assert.java:96)
	at stepdefinition.searchs.proper_text_informing_the_user_about_no_product_matching_should_be_displayed(searchs.java:47)
	at ✽.Proper text informing the user about no product matching should be displayed(file:///C:/Users/ASUS/eclipse-workspace/healphatesting/src/test/resource/features/searchs.feature:19)
]]></failure>
    <system-out><![CDATA[
Scenario: Search without providing any product                                      &amp#27;[90m# src/test/resource/features/searchs.feature:16&amp#27;[0m
  &amp#27;[32mGiven &amp#27;[0m&amp#27;[32mUser open the Application&amp#27;[0m                                                   &amp#27;[90m# stepdefinition.searchs.user_open_the_application()&amp#27;[0m
  &amp#27;[32mWhen &amp#27;[0m&amp#27;[32mUser dont enter any product into search field&amp#27;[0m                                &amp#27;[90m# stepdefinition.searchs.user_dont_enter_any_product_into_search_field()&amp#27;[0m
  &amp#27;[32mAnd &amp#27;[0m&amp#27;[32mUser clicks on Search button&amp#27;[0m                                                  &amp#27;[90m# stepdefinition.searchs.user_clicks_on_search_button()&amp#27;[0m
  &amp#27;[31mThen &amp#27;[0m&amp#27;[31mProper text informing the user about no product matching should be displayed&amp#27;[0m &amp#27;[90m# stepdefinition.searchs.proper_text_informing_the_user_about_no_product_matching_should_be_displayed()&amp#27;[0m
      &amp#27;[31mjava.lang.AssertionError
	at org.junit.Assert.fail(Assert.java:87)
	at org.junit.Assert.fail(Assert.java:96)
	at stepdefinition.searchs.proper_text_informing_the_user_about_no_product_matching_should_be_displayed(searchs.java:47)
	at âœ½.Proper text informing the user about no product matching should be displayed(file:///C:/Users/ASUS/eclipse-workspace/healphatesting/src/test/resource/features/searchs.feature:19)
&amp#27;[0m

    Embedding Search_without_providing_any_product [image/png 80882 bytes]

]]></system-out>
    <system-err><![CDATA[Jun 29, 2023 12:53:53 PM org.openqa.selenium.remote.service.DriverService$Builder getLogOutput
INFO: Driver logs no longer sent to console by default; https://www.selenium.dev/documentation/webdriver/drivers/service/#setting-log-output
]]></system-err>
  </testcase>
</testsuite>